<?xml version="1.0" encoding="UTF-8"?>
<!-- Generated by org.testng.reporters.JUnitReportReporter -->
<testsuite hostname="DESKTOP-9JJKLUK" failures="0" tests="2" name="api.test.UserTests" time="3.639" errors="0" timestamp="2024-09-17T13:08:02 AEST" skipped="0">
  <testcase classname="api.test.UserTests" name="testPostUser" time="2.395"/>
  <system-out/>
  <testcase classname="api.test.UserTests" name="testGetUser" time="1.244"/>
  <system-out/>
</testsuite> <!-- api.test.UserTests -->
