<?xml version="1.0" encoding="UTF-8"?>
<!-- Generated by org.testng.reporters.JUnitReportReporter -->
<testsuite hostname="DESKTOP-9JJKLUK" failures="0" tests="4" name="TestSample.HTTPRequests" time="4.269" errors="0" timestamp="2024-09-17T13:06:06 AEST" skipped="0">
  <testcase classname="TestSample.HTTPRequests" name="getUser" time="1.751"/>
  <system-out/>
  <testcase classname="TestSample.HTTPRequests" name="createUser" time="1.002"/>
  <system-out/>
  <testcase classname="TestSample.HTTPRequests" name="updateUser" time="0.753"/>
  <system-out/>
  <testcase classname="TestSample.HTTPRequests" name="deleteUser" time="0.763"/>
  <system-out/>
</testsuite> <!-- TestSample.HTTPRequests -->
